CRITICAL - 2020-07-09 04:33:47 --> syntax error, unexpected end of file, expecting function (T_FUNCTION) or const (T_CONST)
#0 C:\Users\User McUser\Projects\php\framework-4.0.3\system\Autoloader\Autoloader.php(296): CodeIgniter\Autoloader\Autoloader->requireFile('C:\\Users\\User M...')
#1 C:\Users\User McUser\Projects\php\framework-4.0.3\system\Autoloader\Autoloader.php(258): CodeIgniter\Autoloader\Autoloader->loadInNamespace('App\\Controllers...')
#2 [internal function]: CodeIgniter\Autoloader\Autoloader->loadClass('App\\Controllers...')
#3 [internal function]: spl_autoload_call('App\\Controllers...')
#4 C:\Users\User McUser\Projects\php\framework-4.0.3\system\CodeIgniter.php(865): class_exists('\\App\\Controller...', true)
#5 C:\Users\User McUser\Projects\php\framework-4.0.3\system\CodeIgniter.php(390): CodeIgniter\CodeIgniter->startController()
#6 C:\Users\User McUser\Projects\php\framework-4.0.3\system\CodeIgniter.php(308): CodeIgniter\CodeIgniter->handleRequest(NULL, Object(Config\Cache), false)
#7 C:\Users\User McUser\Projects\php\framework-4.0.3\public\index.php(45): CodeIgniter\CodeIgniter->run()
#8 C:\Users\User McUser\Projects\php\framework-4.0.3\system\Commands\Server\rewrite.php(34): require_once('C:\\Users\\User M...')
#9 {main}
CRITICAL - 2020-07-09 04:35:02 --> syntax error, unexpected end of file, expecting function (T_FUNCTION) or const (T_CONST)
#0 C:\Users\User McUser\Projects\php\framework-4.0.3\system\Autoloader\Autoloader.php(296): CodeIgniter\Autoloader\Autoloader->requireFile('C:\\Users\\User M...')
#1 C:\Users\User McUser\Projects\php\framework-4.0.3\system\Autoloader\Autoloader.php(258): CodeIgniter\Autoloader\Autoloader->loadInNamespace('App\\Controllers...')
#2 [internal function]: CodeIgniter\Autoloader\Autoloader->loadClass('App\\Controllers...')
#3 [internal function]: spl_autoload_call('App\\Controllers...')
#4 C:\Users\User McUser\Projects\php\framework-4.0.3\system\CodeIgniter.php(865): class_exists('\\App\\Controller...', true)
#5 C:\Users\User McUser\Projects\php\framework-4.0.3\system\CodeIgniter.php(390): CodeIgniter\CodeIgniter->startController()
#6 C:\Users\User McUser\Projects\php\framework-4.0.3\system\CodeIgniter.php(308): CodeIgniter\CodeIgniter->handleRequest(NULL, Object(Config\Cache), false)
#7 C:\Users\User McUser\Projects\php\framework-4.0.3\public\index.php(45): CodeIgniter\CodeIgniter->run()
#8 C:\Users\User McUser\Projects\php\framework-4.0.3\system\Commands\Server\rewrite.php(34): require_once('C:\\Users\\User M...')
#9 {main}
CRITICAL - 2020-07-09 04:35:04 --> syntax error, unexpected end of file, expecting function (T_FUNCTION) or const (T_CONST)
#0 C:\Users\User McUser\Projects\php\framework-4.0.3\system\Autoloader\Autoloader.php(296): CodeIgniter\Autoloader\Autoloader->requireFile('C:\\Users\\User M...')
#1 C:\Users\User McUser\Projects\php\framework-4.0.3\system\Autoloader\Autoloader.php(258): CodeIgniter\Autoloader\Autoloader->loadInNamespace('App\\Controllers...')
#2 [internal function]: CodeIgniter\Autoloader\Autoloader->loadClass('App\\Controllers...')
#3 [internal function]: spl_autoload_call('App\\Controllers...')
#4 C:\Users\User McUser\Projects\php\framework-4.0.3\system\CodeIgniter.php(865): class_exists('\\App\\Controller...', true)
#5 C:\Users\User McUser\Projects\php\framework-4.0.3\system\CodeIgniter.php(390): CodeIgniter\CodeIgniter->startController()
#6 C:\Users\User McUser\Projects\php\framework-4.0.3\system\CodeIgniter.php(308): CodeIgniter\CodeIgniter->handleRequest(NULL, Object(Config\Cache), false)
#7 C:\Users\User McUser\Projects\php\framework-4.0.3\public\index.php(45): CodeIgniter\CodeIgniter->run()
#8 C:\Users\User McUser\Projects\php\framework-4.0.3\system\Commands\Server\rewrite.php(34): require_once('C:\\Users\\User M...')
#9 {main}
CRITICAL - 2020-07-09 04:38:34 --> syntax error, unexpected end of file, expecting function (T_FUNCTION) or const (T_CONST)
#0 C:\Users\User McUser\Projects\php\framework-4.0.3\system\Autoloader\Autoloader.php(296): CodeIgniter\Autoloader\Autoloader->requireFile('C:\\Users\\User M...')
#1 C:\Users\User McUser\Projects\php\framework-4.0.3\system\Autoloader\Autoloader.php(258): CodeIgniter\Autoloader\Autoloader->loadInNamespace('App\\Controllers...')
#2 [internal function]: CodeIgniter\Autoloader\Autoloader->loadClass('App\\Controllers...')
#3 [internal function]: spl_autoload_call('App\\Controllers...')
#4 C:\Users\User McUser\Projects\php\framework-4.0.3\system\CodeIgniter.php(865): class_exists('\\App\\Controller...', true)
#5 C:\Users\User McUser\Projects\php\framework-4.0.3\system\CodeIgniter.php(390): CodeIgniter\CodeIgniter->startController()
#6 C:\Users\User McUser\Projects\php\framework-4.0.3\system\CodeIgniter.php(308): CodeIgniter\CodeIgniter->handleRequest(NULL, Object(Config\Cache), false)
#7 C:\Users\User McUser\Projects\php\framework-4.0.3\public\index.php(45): CodeIgniter\CodeIgniter->run()
#8 C:\Users\User McUser\Projects\php\framework-4.0.3\system\Commands\Server\rewrite.php(34): require_once('C:\\Users\\User M...')
#9 {main}
CRITICAL - 2020-07-09 04:38:51 --> syntax error, unexpected end of file, expecting function (T_FUNCTION) or const (T_CONST)
#0 C:\Users\User McUser\Projects\php\framework-4.0.3\system\Autoloader\Autoloader.php(296): CodeIgniter\Autoloader\Autoloader->requireFile('C:\\Users\\User M...')
#1 C:\Users\User McUser\Projects\php\framework-4.0.3\system\Autoloader\Autoloader.php(258): CodeIgniter\Autoloader\Autoloader->loadInNamespace('App\\Controllers...')
#2 [internal function]: CodeIgniter\Autoloader\Autoloader->loadClass('App\\Controllers...')
#3 [internal function]: spl_autoload_call('App\\Controllers...')
#4 C:\Users\User McUser\Projects\php\framework-4.0.3\system\CodeIgniter.php(865): class_exists('\\App\\Controller...', true)
#5 C:\Users\User McUser\Projects\php\framework-4.0.3\system\CodeIgniter.php(390): CodeIgniter\CodeIgniter->startController()
#6 C:\Users\User McUser\Projects\php\framework-4.0.3\system\CodeIgniter.php(308): CodeIgniter\CodeIgniter->handleRequest(NULL, Object(Config\Cache), false)
#7 C:\Users\User McUser\Projects\php\framework-4.0.3\public\index.php(45): CodeIgniter\CodeIgniter->run()
#8 C:\Users\User McUser\Projects\php\framework-4.0.3\system\Commands\Server\rewrite.php(34): require_once('C:\\Users\\User M...')
#9 {main}
CRITICAL - 2020-07-09 05:43:04 --> Invalid file: .php
#0 C:\Users\User McUser\Projects\php\framework-4.0.3\system\View\View.php(228): CodeIgniter\Exceptions\FrameworkException::forInvalidFile('.php')
#1 C:\Users\User McUser\Projects\php\framework-4.0.3\system\Common.php(1087): CodeIgniter\View\View->render('', Array, true)
#2 C:\Users\User McUser\Projects\php\framework-4.0.3\app\Controllers\Pages.php(21): view('')
#3 C:\Users\User McUser\Projects\php\framework-4.0.3\system\CodeIgniter.php(914): App\Controllers\Pages->index()
#4 C:\Users\User McUser\Projects\php\framework-4.0.3\system\CodeIgniter.php(400): CodeIgniter\CodeIgniter->runController(Object(App\Controllers\Pages))
#5 C:\Users\User McUser\Projects\php\framework-4.0.3\system\CodeIgniter.php(308): CodeIgniter\CodeIgniter->handleRequest(NULL, Object(Config\Cache), false)
#6 C:\Users\User McUser\Projects\php\framework-4.0.3\public\index.php(45): CodeIgniter\CodeIgniter->run()
#7 C:\Users\User McUser\Projects\php\framework-4.0.3\system\Commands\Server\rewrite.php(34): require_once('C:\\Users\\User M...')
#8 {main}
CRITICAL - 2020-07-09 05:43:12 --> Invalid file: .php
#0 C:\Users\User McUser\Projects\php\framework-4.0.3\system\View\View.php(228): CodeIgniter\Exceptions\FrameworkException::forInvalidFile('.php')
#1 C:\Users\User McUser\Projects\php\framework-4.0.3\system\Common.php(1087): CodeIgniter\View\View->render('', Array, true)
#2 C:\Users\User McUser\Projects\php\framework-4.0.3\app\Controllers\Pages.php(21): view('')
#3 C:\Users\User McUser\Projects\php\framework-4.0.3\system\CodeIgniter.php(914): App\Controllers\Pages->index()
#4 C:\Users\User McUser\Projects\php\framework-4.0.3\system\CodeIgniter.php(400): CodeIgniter\CodeIgniter->runController(Object(App\Controllers\Pages))
#5 C:\Users\User McUser\Projects\php\framework-4.0.3\system\CodeIgniter.php(308): CodeIgniter\CodeIgniter->handleRequest(NULL, Object(Config\Cache), false)
#6 C:\Users\User McUser\Projects\php\framework-4.0.3\public\index.php(45): CodeIgniter\CodeIgniter->run()
#7 C:\Users\User McUser\Projects\php\framework-4.0.3\system\Commands\Server\rewrite.php(34): require_once('C:\\Users\\User M...')
#8 {main}
